<?xml version="1.0" encoding="UTF-8"?>
<testsuite xmlns:xsi="http://www.w3.org/2001/XMLSchema-instance" xsi:noNamespaceSchemaLocation="https://maven.apache.org/surefire/maven-surefire-plugin/xsd/surefire-test-report-3.0.xsd" version="3.0" name="application.ControllerTests" time="0.552" tests="3" errors="0" skipped="0" failures="0">
  <properties>
[...]
</properties>
  <testcase name="testHandleToggleChargeClick" classname="application.ControllerTests" time="0.085">
    <system-err><![CDATA[July 08, 2024 10:38:02 PM com.sun.javafx.application.PlatformImpl startup
WARNING: Unsupported JavaFX configuration: classes were loaded from 'unnamed module @3d51f06e'
]]></system-err>
  </testcase>
  <testcase name="testHandleClearClick" classname="application.ControllerTests" time="0.002"/>
  <testcase name="testHandleEqualsClick" classname="application.ControllerTests" time="0.002"/>
</testsuite>